<?xml version="1.0" encoding="UTF-8"?>
<testsuite xmlns:xsi="http://www.w3.org/2001/XMLSchema-instance" xsi:noNamespaceSchemaLocation="https://maven.apache.org/surefire/maven-surefire-plugin/xsd/surefire-test-report-3.0.xsd" version="3.0" name="com.magicalarena.ArenaTest" time="1.24" tests="1" errors="0" skipped="0" failures="0">
  <properties>
    <property name="java.specification.version" value="22"/>
    <property name="sun.cpu.isalist" value="amd64"/>
    <property name="sun.jnu.encoding" value="Cp1252"/>
    <property name="java.class.path" value="C:\Users\Tanya Srivastava\Desktop\demo\demo\target\test-classes;C:\Users\Tanya Srivastava\Desktop\demo\demo\target\classes;C:\Users\Tanya Srivastava\.m2\repository\org\junit\jupiter\junit-jupiter\5.8.1\junit-jupiter-5.8.1.jar;C:\Users\Tanya Srivastava\.m2\repository\org\junit\jupiter\junit-jupiter-api\5.8.1\junit-jupiter-api-5.8.1.jar;C:\Users\Tanya Srivastava\.m2\repository\org\opentest4j\opentest4j\1.2.0\opentest4j-1.2.0.jar;C:\Users\Tanya Srivastava\.m2\repository\org\junit\platform\junit-platform-commons\1.8.1\junit-platform-commons-1.8.1.jar;C:\Users\Tanya Srivastava\.m2\repository\org\apiguardian\apiguardian-api\1.1.2\apiguardian-api-1.1.2.jar;C:\Users\Tanya Srivastava\.m2\repository\org\junit\jupiter\junit-jupiter-params\5.8.1\junit-jupiter-params-5.8.1.jar;C:\Users\Tanya Srivastava\.m2\repository\org\junit\jupiter\junit-jupiter-engine\5.8.1\junit-jupiter-engine-5.8.1.jar;C:\Users\Tanya Srivastava\.m2\repository\org\junit\platform\junit-platform-engine\1.8.1\junit-platform-engine-1.8.1.jar;C:\Users\Tanya Srivastava\.m2\repository\org\mockito\mockito-core\4.10.0\mockito-core-4.10.0.jar;C:\Users\Tanya Srivastava\.m2\repository\net\bytebuddy\byte-buddy\1.12.19\byte-buddy-1.12.19.jar;C:\Users\Tanya Srivastava\.m2\repository\net\bytebuddy\byte-buddy-agent\1.12.19\byte-buddy-agent-1.12.19.jar;C:\Users\Tanya Srivastava\.m2\repository\org\objenesis\objenesis\3.3\objenesis-3.3.jar;"/>
    <property name="java.vm.vendor" value="Oracle Corporation"/>
    <property name="sun.arch.data.model" value="64"/>
    <property name="user.variant" value=""/>
    <property name="java.vendor.url" value="https://java.oracle.com/"/>
    <property name="user.timezone" value="Asia/Calcutta"/>
    <property name="os.name" value="Windows 11"/>
    <property name="java.vm.specification.version" value="22"/>
    <property name="sun.java.launcher" value="SUN_STANDARD"/>
    <property name="user.country" value="US"/>
    <property name="sun.boot.library.path" value="C:\Users\Tanya Srivastava\.jdks\openjdk-22.0.2\bin"/>
    <property name="sun.java.command" value="C:\Users\Tanya Srivastava\AppData\Local\Temp\surefire8487982211504065621\surefirebooter-20240808185752026_3.jar C:\Users\Tanya Srivastava\AppData\Local\Temp\surefire8487982211504065621 2024-08-08T18-57-51_695-jvmRun1 surefire-20240808185752026_1tmp surefire_0-20240808185752026_2tmp"/>
    <property name="jdk.debug" value="release"/>
    <property name="surefire.test.class.path" value="C:\Users\Tanya Srivastava\Desktop\demo\demo\target\test-classes;C:\Users\Tanya Srivastava\Desktop\demo\demo\target\classes;C:\Users\Tanya Srivastava\.m2\repository\org\junit\jupiter\junit-jupiter\5.8.1\junit-jupiter-5.8.1.jar;C:\Users\Tanya Srivastava\.m2\repository\org\junit\jupiter\junit-jupiter-api\5.8.1\junit-jupiter-api-5.8.1.jar;C:\Users\Tanya Srivastava\.m2\repository\org\opentest4j\opentest4j\1.2.0\opentest4j-1.2.0.jar;C:\Users\Tanya Srivastava\.m2\repository\org\junit\platform\junit-platform-commons\1.8.1\junit-platform-commons-1.8.1.jar;C:\Users\Tanya Srivastava\.m2\repository\org\apiguardian\apiguardian-api\1.1.2\apiguardian-api-1.1.2.jar;C:\Users\Tanya Srivastava\.m2\repository\org\junit\jupiter\junit-jupiter-params\5.8.1\junit-jupiter-params-5.8.1.jar;C:\Users\Tanya Srivastava\.m2\repository\org\junit\jupiter\junit-jupiter-engine\5.8.1\junit-jupiter-engine-5.8.1.jar;C:\Users\Tanya Srivastava\.m2\repository\org\junit\platform\junit-platform-engine\1.8.1\junit-platform-engine-1.8.1.jar;C:\Users\Tanya Srivastava\.m2\repository\org\mockito\mockito-core\4.10.0\mockito-core-4.10.0.jar;C:\Users\Tanya Srivastava\.m2\repository\net\bytebuddy\byte-buddy\1.12.19\byte-buddy-1.12.19.jar;C:\Users\Tanya Srivastava\.m2\repository\net\bytebuddy\byte-buddy-agent\1.12.19\byte-buddy-agent-1.12.19.jar;C:\Users\Tanya Srivastava\.m2\repository\org\objenesis\objenesis\3.3\objenesis-3.3.jar;"/>
    <property name="sun.cpu.endian" value="little"/>
    <property name="user.home" value="C:\Users\Tanya Srivastava"/>
    <property name="user.language" value="en"/>
    <property name="java.specification.vendor" value="Oracle Corporation"/>
    <property name="java.version.date" value="2024-07-16"/>
    <property name="java.home" value="C:\Users\Tanya Srivastava\.jdks\openjdk-22.0.2"/>
    <property name="file.separator" value="\"/>
    <property name="basedir" value="C:\Users\Tanya Srivastava\Desktop\demo\demo"/>
    <property name="java.vm.compressedOopsMode" value="32-bit"/>
    <property name="line.separator" value="&#10;"/>
    <property name="java.vm.specification.vendor" value="Oracle Corporation"/>
    <property name="java.specification.name" value="Java Platform API Specification"/>
    <property name="surefire.real.class.path" value="C:\Users\Tanya Srivastava\AppData\Local\Temp\surefire8487982211504065621\surefirebooter-20240808185752026_3.jar"/>
    <property name="user.script" value=""/>
    <property name="sun.management.compiler" value="HotSpot 64-Bit Tiered Compilers"/>
    <property name="java.runtime.version" value="22.0.2+9-70"/>
    <property name="user.name" value="Tanya Srivastava"/>
    <property name="stdout.encoding" value="Cp1252"/>
    <property name="path.separator" value=";"/>
    <property name="os.version" value="10.0"/>
    <property name="java.runtime.name" value="OpenJDK Runtime Environment"/>
    <property name="file.encoding" value="UTF-8"/>
    <property name="java.vm.name" value="OpenJDK 64-Bit Server VM"/>
    <property name="localRepository" value="C:\Users\Tanya Srivastava\.m2\repository"/>
    <property name="java.vendor.url.bug" value="https://bugreport.java.com/bugreport/"/>
    <property name="java.io.tmpdir" value="C:\Users\TANYAS~1\AppData\Local\Temp\"/>
    <property name="idea.version" value="2024.2"/>
    <property name="java.version" value="22.0.2"/>
    <property name="user.dir" value="C:\Users\Tanya Srivastava\Desktop\demo\demo"/>
    <property name="os.arch" value="amd64"/>
    <property name="java.vm.specification.name" value="Java Virtual Machine Specification"/>
    <property name="sun.os.patch.level" value=""/>
    <property name="native.encoding" value="Cp1252"/>
    <property name="java.library.path" value="C:\Users\Tanya Srivastava\.jdks\openjdk-22.0.2\bin;C:\WINDOWS\Sun\Java\bin;C:\WINDOWS\system32;C:\WINDOWS;C:\oraclexe\app\oracle\product\11.2.0\server\bin;;C:\WINDOWS\system32;C:\WINDOWS;C:\WINDOWS\System32\Wbem;C:\WINDOWS\System32\WindowsPowerShell\v1.0\;C:\WINDOWS\System32\OpenSSH\;C:\Program Files\Microsoft SQL Server\150\Tools\Binn\;C:\Program Files\Microsoft SQL Server\Client SDK\ODBC\170\Tools\Binn\;C:\Program Files\dotnet\;C:\Program Files (x86)\nodejs\;C:\Program Files (x86)\Microsoft SQL Server\160\Tools\Binn\;C:\Program Files\Microsoft SQL Server\160\Tools\Binn\;C:\Program Files\Microsoft SQL Server\160\DTS\Binn\;C:\Program Files (x86)\Microsoft SQL Server\160\DTS\Binn\;C:\Program Files\Azure Data Studio\bin;C:\Users\Tanya Srivastava\AppData\Local\Programs\Python\Python39\Scripts\;C:\Users\Tanya Srivastava\AppData\Local\Programs\Python\Python39\;C:\Users\Tanya Srivastava\AppData\Local\Microsoft\WindowsApps;C:\Users\Tanya Srivastava\AppData\Local\Programs\Microsoft VS Code\bin;C:\Users\Tanya Srivastava\AppData\Local\GitHubDesktop\bin;C:\Users\Tanya Srivastava\.dotnet\tools;C:\Users\Tanya Srivastava\AppData\Roaming\npm;C:\Program Files\Azure Data Studio\bin;."/>
    <property name="java.vm.info" value="mixed mode, sharing"/>
    <property name="stderr.encoding" value="Cp1252"/>
    <property name="java.vendor" value="Oracle Corporation"/>
    <property name="java.vm.version" value="22.0.2+9-70"/>
    <property name="sun.io.unicode.encoding" value="UnicodeLittle"/>
    <property name="java.class.version" value="66.0"/>
  </properties>
  <testcase name="testFight" classname="com.magicalarena.ArenaTest" time="1.201">
    <system-out><![CDATA[Player{health=50, strength=5, attack=10} attacks Player{health=100, strength=10, attack=5}: Attack Roll = 5, Defense Roll = 5, Damage = 50, Defended = 50, Player{health=100, strength=10, attack=5} Health = 100
Player{health=50, strength=5, attack=10} attacks Player{health=80, strength=10, attack=5}: Attack Roll = 6, Defense Roll = 4, Damage = 60, Defended = 40, Player{health=80, strength=10, attack=5} Health = 80
Player{health=50, strength=5, attack=10} attacks Player{health=80, strength=10, attack=5}: Attack Roll = 1, Defense Roll = 4, Damage = 10, Defended = 40, Player{health=80, strength=10, attack=5} Health = 80
Player{health=50, strength=5, attack=10} attacks Player{health=60, strength=10, attack=5}: Attack Roll = 4, Defense Roll = 2, Damage = 40, Defended = 20, Player{health=60, strength=10, attack=5} Health = 60
Player{health=50, strength=5, attack=10} attacks Player{health=40, strength=10, attack=5}: Attack Roll = 6, Defense Roll = 4, Damage = 60, Defended = 40, Player{health=40, strength=10, attack=5} Health = 40
Player{health=40, strength=10, attack=5} attacks Player{health=50, strength=5, attack=10}: Attack Roll = 5, Defense Roll = 5, Damage = 25, Defended = 25, Player{health=50, strength=5, attack=10} Health = 50
Player{health=40, strength=10, attack=5} attacks Player{health=50, strength=5, attack=10}: Attack Roll = 3, Defense Roll = 6, Damage = 15, Defended = 30, Player{health=50, strength=5, attack=10} Health = 50
Player{health=40, strength=10, attack=5} attacks Player{health=50, strength=5, attack=10}: Attack Roll = 2, Defense Roll = 5, Damage = 10, Defended = 25, Player{health=50, strength=5, attack=10} Health = 50
Player{health=40, strength=10, attack=5} attacks Player{health=50, strength=5, attack=10}: Attack Roll = 1, Defense Roll = 5, Damage = 5, Defended = 25, Player{health=50, strength=5, attack=10} Health = 50
Player{health=40, strength=10, attack=5} attacks Player{health=45, strength=5, attack=10}: Attack Roll = 6, Defense Roll = 5, Damage = 30, Defended = 25, Player{health=45, strength=5, attack=10} Health = 45
Player{health=40, strength=10, attack=5} attacks Player{health=45, strength=5, attack=10}: Attack Roll = 1, Defense Roll = 4, Damage = 5, Defended = 20, Player{health=45, strength=5, attack=10} Health = 45
Player{health=40, strength=10, attack=5} attacks Player{health=30, strength=5, attack=10}: Attack Roll = 4, Defense Roll = 1, Damage = 20, Defended = 5, Player{health=30, strength=5, attack=10} Health = 30
Player{health=30, strength=5, attack=10} attacks Player{health=40, strength=10, attack=5}: Attack Roll = 5, Defense Roll = 6, Damage = 50, Defended = 60, Player{health=40, strength=10, attack=5} Health = 40
Player{health=30, strength=5, attack=10} attacks Player{health=40, strength=10, attack=5}: Attack Roll = 4, Defense Roll = 6, Damage = 40, Defended = 60, Player{health=40, strength=10, attack=5} Health = 40
Player{health=30, strength=5, attack=10} attacks Player{health=40, strength=10, attack=5}: Attack Roll = 4, Defense Roll = 4, Damage = 40, Defended = 40, Player{health=40, strength=10, attack=5} Health = 40
Player{health=30, strength=5, attack=10} attacks Player{health=40, strength=10, attack=5}: Attack Roll = 6, Defense Roll = 6, Damage = 60, Defended = 60, Player{health=40, strength=10, attack=5} Health = 40
Player{health=30, strength=5, attack=10} attacks Player{health=10, strength=10, attack=5}: Attack Roll = 6, Defense Roll = 3, Damage = 60, Defended = 30, Player{health=10, strength=10, attack=5} Health = 10
Player{health=10, strength=10, attack=5} attacks Player{health=20, strength=5, attack=10}: Attack Roll = 5, Defense Roll = 3, Damage = 25, Defended = 15, Player{health=20, strength=5, attack=10} Health = 20
Player{health=10, strength=10, attack=5} attacks Player{health=-5, strength=5, attack=10}: Attack Roll = 6, Defense Roll = 1, Damage = 30, Defended = 5, Player{health=-5, strength=5, attack=10} Health = -5
Player{health=-5, strength=5, attack=10} has died.
]]></system-out>
  </testcase>
</testsuite>